\BOOKMARK [1][-]{section.1}{\376\377\0001\000\040\000I\000n\000t\000r\000o\000d\000u\000c\000c\000i\000o\000n\000\040\000y\000\040\000m\000o\000t\000i\000v\000a\000c\000i\000o\000n}{}% 1
\BOOKMARK [2][-]{subsection.1.1}{\376\377\0001\000.\0001\000\040\000Q\000u\000e\000\040\000r\000e\000s\000u\000e\000l\000v\000e\000\040\000e\000s\000t\000e\000\040\000n\000o\000t\000e\000b\000o\000o\000k}{section.1}% 2
\BOOKMARK [2][-]{subsection.1.2}{\376\377\0001\000.\0002\000\040\000D\000i\000f\000e\000r\000e\000n\000c\000i\000a\000\040\000f\000u\000n\000d\000a\000m\000e\000n\000t\000a\000l\000\040\000c\000o\000n\000\040\000e\000l\000\040\000e\000n\000f\000o\000q\000u\000e\000\040\000b\000a\000y\000e\000s\000i\000a\000n\000o}{section.1}% 3
\BOOKMARK [2][-]{subsection.1.3}{\376\377\0001\000.\0003\000\040\000P\000i\000p\000e\000l\000i\000n\000e\000\040\000d\000e\000\040\000e\000s\000t\000i\000m\000a\000c\000i\000o\000n}{section.1}% 4
\BOOKMARK [2][-]{subsection.1.4}{\376\377\0001\000.\0004\000\040\000E\000s\000t\000r\000u\000c\000t\000u\000r\000a\000\040\000d\000e\000l\000\040\000n\000o\000t\000e\000b\000o\000o\000k}{section.1}% 5
\BOOKMARK [1][-]{section.2}{\376\377\0002\000\040\000M\000o\000d\000e\000l\000o\000\040\000e\000s\000p\000a\000c\000i\000o\000-\000e\000s\000t\000a\000d\000o}{}% 6
\BOOKMARK [2][-]{subsection.2.1}{\376\377\0002\000.\0001\000\040\000F\000o\000r\000m\000u\000l\000a\000c\000i\000o\000n\000\040\000g\000e\000n\000e\000r\000a\000l}{section.2}% 7
\BOOKMARK [2][-]{subsection.2.2}{\376\377\0002\000.\0002\000\040\000C\000a\000r\000g\000a\000s\000\040\000N\000e\000l\000s\000o\000n\000-\000S\000i\000e\000g\000e\000l\000\040\000\050\000D\000N\000S\000,\000\040\000k\000=\0003\000\051}{section.2}% 8
\BOOKMARK [2][-]{subsection.2.3}{\376\377\0002\000.\0003\000\040\000C\000a\000r\000g\000a\000s\000\040\000N\000e\000l\000s\000o\000n\000-\000S\000i\000e\000g\000e\000l\000-\000S\000v\000e\000n\000s\000s\000o\000n\000\040\000\050\000D\000N\000S\000S\000,\000\040\000k\000=\0004\000\051}{section.2}% 9
\BOOKMARK [2][-]{subsection.2.4}{\376\377\0002\000.\0004\000\040\000I\000n\000t\000e\000r\000p\000r\000e\000t\000a\000c\000i\000o\000n\000\040\000d\000e\000\040\000\040\000y\000\040\000e\000l\000\040\000h\000u\000m\000p}{section.2}% 10
\BOOKMARK [2][-]{subsection.2.5}{\376\377\0002\000.\0005\000\040\000E\000s\000t\000r\000u\000c\000t\000u\000r\000a\000\040\000d\000e\000\040\000l\000a\000\040\000m\000a\000t\000r\000i\000z\000\040\000F}{section.2}% 11
\BOOKMARK [1][-]{section.3}{\376\377\0003\000\040\000R\000o\000l\000l\000i\000n\000g\000\040\000G\000r\000i\000d\000\040\000S\000e\000a\000r\000c\000h\000\040\000d\000e\000\040\000t}{}% 12
\BOOKMARK [2][-]{subsection.3.1}{\376\377\0003\000.\0001\000\040\000F\000u\000n\000d\000a\000m\000e\000n\000t\000o\000:\000\040\000p\000o\000r\000\040\000q\000u\000e\000\040\000r\000e\000-\000e\000s\000t\000i\000m\000a\000r\000\040\000\040\000e\000n\000\040\000e\000l\000\040\000t\000i\000e\000m\000p\000o}{section.3}% 13
\BOOKMARK [2][-]{subsection.3.2}{\376\377\0003\000.\0002\000\040\000R\000e\000f\000o\000r\000m\000u\000l\000a\000c\000i\000o\000n\000\040\000v\000i\000a\000\040\000R\000e\000s\000i\000d\000u\000a\000l\000\040\000M\000a\000k\000e\000r}{section.3}% 14
\BOOKMARK [2][-]{subsection.3.3}{\376\377\0003\000.\0003\000\040\000V\000e\000n\000t\000a\000n\000a\000\040\000r\000o\000d\000a\000n\000t\000e\000\040\000v\000s\000\040\000e\000x\000p\000a\000n\000d\000i\000e\000n\000t\000e}{section.3}% 15
\BOOKMARK [2][-]{subsection.3.4}{\376\377\0003\000.\0004\000\040\000G\000r\000i\000d\000\040\000S\000e\000a\000r\000c\000h\000\040\0002\000D\000\040\000p\000a\000r\000a\000\040\000D\000N\000S\000S}{section.3}% 16
\BOOKMARK [1][-]{section.4}{\376\377\0004\000\040\000F\000i\000l\000t\000r\000o\000\040\000d\000e\000\040\000K\000a\000l\000m\000a\000n\000\040\000c\000o\000n\000\040\000H\000t\000\040\000v\000a\000r\000i\000a\000b\000l\000e}{}% 17
\BOOKMARK [2][-]{subsection.4.1}{\376\377\0004\000.\0001\000\040\000A\000l\000g\000o\000r\000i\000t\000m\000o\000\040\000c\000o\000m\000p\000l\000e\000t\000o}{section.4}% 18
\BOOKMARK [2][-]{subsection.4.2}{\376\377\0004\000.\0002\000\040\000P\000o\000r\000\040\000q\000u\000e\000\040\000l\000a\000\040\000f\000o\000r\000m\000a\000\040\000J\000o\000s\000e\000p\000h\000\040\000\050\000e\000c\000u\000a\000c\000i\000o\000n\000\040\0001\0008\000\051}{section.4}% 19
\BOOKMARK [2][-]{subsection.4.3}{\376\377\0004\000.\0003\000\040\000C\000h\000o\000l\000e\000s\000k\000y\000\040\000p\000a\000r\000a\000\040\000l\000o\000g\000-\000d\000e\000t\000\040\000y\000\040\000c\000u\000a\000d\000r\000a\000t\000i\000c\000a}{section.4}% 20
\BOOKMARK [2][-]{subsection.4.4}{\376\377\0004\000.\0004\000\040\000I\000n\000i\000c\000i\000a\000l\000i\000z\000a\000c\000i\000o\000n\000\040\000e\000s\000t\000a\000c\000i\000o\000n\000a\000r\000i\000a}{section.4}% 21
\BOOKMARK [2][-]{subsection.4.5}{\376\377\0004\000.\0005\000\040\000I\000m\000p\000l\000e\000m\000e\000n\000t\000a\000c\000i\000o\000n\000\040\000c\000o\000n\000\040\000N\000u\000m\000b\000a\000\040\000J\000I\000T}{section.4}% 22
\BOOKMARK [1][-]{section.5}{\376\377\0005\000\040\000S\000u\000a\000v\000i\000z\000a\000d\000o\000r\000\040\000R\000T\000S\000\040\000\050\000R\000a\000u\000c\000h\000-\000T\000u\000n\000g\000-\000S\000t\000r\000i\000e\000b\000e\000l\000\051}{}% 23
\BOOKMARK [2][-]{subsection.5.1}{\376\377\0005\000.\0001\000\040\000Q\000u\000e\000\040\000a\000p\000o\000r\000t\000a\000\040\000e\000l\000\040\000s\000u\000a\000v\000i\000z\000a\000d\000o\000r}{section.5}% 24
\BOOKMARK [2][-]{subsection.5.2}{\376\377\0005\000.\0002\000\040\000A\000l\000g\000o\000r\000i\000t\000m\000o\000\040\000b\000a\000c\000k\000w\000a\000r\000d}{section.5}% 25
\BOOKMARK [1][-]{section.6}{\376\377\0006\000\040\000E\000s\000t\000i\000m\000a\000c\000i\000o\000n\000\040\000M\000L\000E\000\040\000m\000u\000l\000t\000i\000-\000s\000t\000a\000r\000t}{}% 26
\BOOKMARK [2][-]{subsection.6.1}{\376\377\0006\000.\0001\000\040\000P\000r\000o\000b\000l\000e\000m\000a\000\040\000d\000e\000\040\000o\000p\000t\000i\000m\000i\000z\000a\000c\000i\000o\000n}{section.6}% 27
\BOOKMARK [2][-]{subsection.6.2}{\376\377\0006\000.\0002\000\040\000P\000a\000r\000a\000m\000e\000t\000r\000i\000z\000a\000c\000i\000o\000n\000\040\000s\000i\000n\000\040\000r\000e\000s\000t\000r\000i\000c\000c\000i\000o\000n\000e\000s}{section.6}% 28
\BOOKMARK [2][-]{subsection.6.3}{\376\377\0006\000.\0003\000\040\000N\000u\000m\000e\000r\000o\000\040\000d\000e\000\040\000p\000a\000r\000a\000m\000e\000t\000r\000o\000s\000\040\000p\000o\000r\000\040\000c\000o\000n\000f\000i\000g\000u\000r\000a\000c\000i\000o\000n}{section.6}% 29
\BOOKMARK [2][-]{subsection.6.4}{\376\377\0006\000.\0004\000\040\000E\000x\000t\000e\000n\000s\000i\000o\000n\000e\000s\000\040\000p\000a\000r\000a\000\040\000p\000l\000a\000z\000o\000s\000\040\000l\000a\000r\000g\000o\000s}{section.6}% 30
\BOOKMARK [3][-]{subsubsection.6.4.1}{\376\377\0006\000.\0004\000.\0001\000\040\000O\000p\000c\000i\000o\000n\000\040\000A\000\040\040\024\000\040\000R\000\040\000e\000s\000t\000r\000u\000c\000t\000u\000r\000a\000d\000a\000\040\000p\000o\000r\000\040\000g\000r\000u\000p\000o\000s}{subsection.6.4}% 31
\BOOKMARK [3][-]{subsubsection.6.4.2}{\376\377\0006\000.\0004\000.\0002\000\040\000O\000p\000c\000i\000o\000n\000\040\000C\000\040\040\024\000\040\000P\000e\000s\000o\000s\000\040\000e\000n\000\040\000l\000a\000\040\000l\000o\000g\000-\000v\000e\000r\000o\000s\000i\000m\000i\000l\000i\000t\000u\000d}{subsection.6.4}% 32
\BOOKMARK [1][-]{section.7}{\376\377\0007\000\040\000A\000n\000a\000l\000i\000s\000i\000s\000\040\000p\000o\000s\000t\000-\000a\000j\000u\000s\000t\000e}{}% 33
\BOOKMARK [2][-]{subsection.7.1}{\376\377\0007\000.\0001\000\040\000F\000a\000c\000t\000o\000r\000e\000s\000\040\000l\000a\000t\000e\000n\000t\000e\000s\000\040\040\024\000\040\000p\000l\000o\000t\000\137\000f\000a\000c\000t\000o\000r\000e\000s\000\050\000\051}{section.7}% 34
\BOOKMARK [2][-]{subsection.7.2}{\376\377\0007\000.\0002\000\040\000E\000v\000o\000l\000u\000c\000i\000o\000n\000\040\000d\000e\000\040\000t\000\040\040\024\000\040\000p\000l\000o\000t\000\137\000t\000a\000u\000\137\000e\000v\000o\000l\000u\000t\000i\000o\000n\000\050\000\051}{section.7}% 35
\BOOKMARK [2][-]{subsection.7.3}{\376\377\0007\000.\0003\000\040\000C\000u\000r\000v\000a\000\040\000a\000j\000u\000s\000t\000a\000d\000a\000\040\040\024\000\040\000p\000l\000o\000t\000\137\000c\000u\000r\000v\000a\000s\000\137\000a\000j\000u\000s\000t\000a\000d\000a\000s\000\050\000\051}{section.7}% 36
\BOOKMARK [2][-]{subsection.7.4}{\376\377\0007\000.\0004\000\040\000R\000e\000s\000i\000d\000u\000o\000s\000\040\000d\000e\000\040\000m\000e\000d\000i\000c\000i\000o\000n\000\040\040\024\000\040\000a\000n\000a\000l\000i\000s\000i\000s\000\137\000r\000e\000s\000i\000d\000u\000o\000s\000\050\000\051}{section.7}% 37
\BOOKMARK [2][-]{subsection.7.5}{\376\377\0007\000.\0005\000\040\000D\000i\000a\000g\000n\000o\000s\000t\000i\000c\000o\000s\000\040\000d\000e\000l\000\040\000f\000i\000l\000t\000r\000o\000\040\040\024\000\040\000d\000i\000a\000g\000n\000o\000s\000t\000i\000c\000o\000s\000\137\000f\000i\000l\000t\000r\000o\000\050\000\051}{section.7}% 38
\BOOKMARK [2][-]{subsection.7.6}{\376\377\0007\000.\0006\000\040\000P\000a\000r\000a\000m\000e\000t\000r\000o\000s\000\040\000M\000L\000E\000\040\040\024\000\040\000r\000e\000s\000u\000m\000e\000n\000\137\000p\000a\000r\000a\000m\000e\000t\000r\000o\000s\000\050\000\051}{section.7}% 39
\BOOKMARK [2][-]{subsection.7.7}{\376\377\0007\000.\0007\000\040\000P\000e\000r\000f\000i\000l\000\040\000S\000S\000E\000\040\000d\000e\000\040\000\040\040\024\000\040\000p\000l\000o\000t\000\137\000p\000e\000r\000f\000i\000l\000\137\000s\000s\000e\000\137\000t\000a\000u\000\050\000\051}{section.7}% 40
\BOOKMARK [1][-]{section.8}{\376\377\0008\000\040\000D\000o\000c\000u\000m\000e\000n\000t\000a\000c\000i\000o\000n\000\040\000d\000e\000\040\000f\000u\000n\000c\000i\000o\000n\000e\000s}{}% 41
\BOOKMARK [2][-]{subsection.8.1}{\376\377\0008\000.\0001\000\040\000C\000a\000r\000g\000a\000s}{section.8}% 42
\BOOKMARK [2][-]{subsection.8.2}{\376\377\0008\000.\0002\000\040\000G\000r\000i\000d\000\040\000S\000e\000a\000r\000c\000h}{section.8}% 43
\BOOKMARK [2][-]{subsection.8.3}{\376\377\0008\000.\0003\000\040\000K\000a\000l\000m\000a\000n\000\040\000F\000i\000l\000t\000e\000r\000\040\000y\000\040\000R\000T\000S}{section.8}% 44
\BOOKMARK [2][-]{subsection.8.4}{\376\377\0008\000.\0004\000\040\000M\000L\000E}{section.8}% 45
\BOOKMARK [2][-]{subsection.8.5}{\376\377\0008\000.\0005\000\040\000P\000i\000p\000e\000l\000i\000n\000e\000\040\000c\000o\000m\000p\000l\000e\000t\000o\000\040\040\024\000\040\000f\000i\000t\000\137\000m\000o\000d\000e\000l\000\050\000\051}{section.8}% 46
\BOOKMARK [2][-]{subsection.8.6}{\376\377\0008\000.\0006\000\040\000A\000n\000a\000l\000i\000s\000i\000s\000\040\000p\000o\000s\000t\000-\000a\000j\000u\000s\000t\000e}{section.8}% 47
\BOOKMARK [1][-]{section.9}{\376\377\0009\000\040\000F\000u\000n\000c\000i\000o\000n\000\040\000p\000r\000i\000n\000c\000i\000p\000a\000l\000\040\000f\000i\000t\000\137\000d\000n\000s\000\137\000k\000a\000l\000m\000a\000n\000\050\000\051}{}% 48
\BOOKMARK [2][-]{subsection.9.1}{\376\377\0009\000.\0001\000\040\000F\000i\000r\000m\000a\000\040\000c\000o\000m\000p\000l\000e\000t\000a}{section.9}% 49
\BOOKMARK [2][-]{subsection.9.2}{\376\377\0009\000.\0002\000\040\000D\000e\000s\000c\000r\000i\000p\000c\000i\000o\000n\000\040\000d\000e\000\040\000p\000a\000r\000a\000m\000e\000t\000r\000o\000s}{section.9}% 50
\BOOKMARK [2][-]{subsection.9.3}{\376\377\0009\000.\0003\000\040\000E\000s\000t\000r\000u\000c\000t\000u\000r\000a\000\040\000d\000e\000l\000\040\000r\000e\000t\000o\000r\000n\000o}{section.9}% 51
\BOOKMARK [1][-]{section.10}{\376\377\0001\0000\000\040\000E\000j\000e\000m\000p\000l\000o\000s\000\040\000d\000e\000\040\000u\000s\000o}{}% 52
\BOOKMARK [2][-]{subsection.10.1}{\376\377\0001\0000\000.\0001\000\040\000E\000j\000e\000m\000p\000l\000o\000\040\0001\000\040\040\024\000\040\000D\000N\000S\000\040\000b\000a\000s\000i\000c\000o}{section.10}% 53
\BOOKMARK [2][-]{subsection.10.2}{\376\377\0001\0000\000.\0002\000\040\000E\000j\000e\000m\000p\000l\000o\000\040\0002\000\040\040\024\000\040\000D\000N\000S\000S\000\040\000c\000o\000n\000\040\000v\000e\000n\000t\000a\000n\000a\000\040\000r\000o\000d\000a\000n\000t\000e}{section.10}% 54
\BOOKMARK [2][-]{subsection.10.3}{\376\377\0001\0000\000.\0003\000\040\000E\000j\000e\000m\000p\000l\000o\000\040\0003\000\040\040\024\000\040\000M\000e\000j\000o\000r\000a\000s\000\040\000p\000a\000r\000a\000\040\000p\000l\000a\000z\000o\000s\000\040\000l\000a\000r\000g\000o\000s\000\040\000\050\000O\000p\000c\000i\000o\000n\000e\000s\000\040\000A\000\040\000y\000\040\000C\000\051}{section.10}% 55
\BOOKMARK [2][-]{subsection.10.4}{\376\377\0001\0000\000.\0004\000\040\000E\000j\000e\000m\000p\000l\000o\000\040\0004\000\040\040\024\000\040\000C\000o\000m\000p\000a\000r\000a\000r\000\040\000l\000a\000s\000\040\000t\000r\000e\000s\000\040\000e\000s\000t\000r\000u\000c\000t\000u\000r\000a\000s\000\040\000d\000e\000\040\000F}{section.10}% 56
\BOOKMARK [2][-]{subsection.10.5}{\376\377\0001\0000\000.\0005\000\040\000E\000j\000e\000m\000p\000l\000o\000\040\0005\000\040\040\024\000\040\000U\000s\000o\000\040\000p\000r\000o\000g\000r\000a\000m\000a\000t\000i\000c\000o\000\040\000p\000a\000r\000a\000\040\000c\000o\000m\000p\000a\000r\000a\000t\000i\000v\000a\000\040\000c\000o\000n\000\040\000B\000a\000y\000e\000s}{section.10}% 57
\BOOKMARK [1][-]{section.11}{\376\377\0001\0001\000\040\000R\000e\000f\000e\000r\000e\000n\000c\000i\000a\000\040\000c\000o\000m\000p\000l\000e\000t\000a\000\040\000d\000e\000\040\000f\000u\000n\000c\000i\000o\000n\000e\000s}{}% 58
\BOOKMARK [1][-]{section.12}{\376\377\0001\0002\000\040\000G\000u\000i\000a\000\040\000d\000e\000\040\000d\000e\000c\000i\000s\000i\000o\000n\000e\000s}{}% 59
\BOOKMARK [1][-]{table.caption.7}{\376\377\000R\000e\000f\000e\000r\000e\000n\000c\000i\000a\000s}{}% 60
